<?xml version="1.0" encoding="UTF-8"?>
<!-- Generated by org.testng.reporters.JUnitXMLReporter -->
<testsuite hostname="DESKTOP-B5QS82B" name="RegressionTest" tests="4" failures="1" timestamp="12 Feb 2017 06:19:47 GMT" time="233.108" errors="0">
  <testcase name="@AfterMethod tearDown" time="0.0" classname="testCases.VerifyLoginPageWithReports1">
    <failure type="java.io.IOException" message="Destination &amp;apos;C:\Users\sandeep\Desktop\Sample_project\com.learn.framewrokcreation.etlhive\Screenshots&amp;apos; directory cannot be created">
      <![CDATA[java.io.IOException: Destination 'C:\Users\sandeep\Desktop\Sample_project\com.learn.framewrokcreation.etlhive\Screenshots' directory cannot be created
	at org.apache.commons.io.FileUtils.copyFile(FileUtils.java:1085)
	at org.apache.commons.io.FileUtils.copyFile(FileUtils.java:1038)
	at utility.Helper.captureScreenShot(Helper.java:23)
	at testCases.VerifyLoginPageWithReports1.tearDown(VerifyLoginPageWithReports1.java:76)
... Removed 26 stack frames]]>
    </failure>
  </testcase> <!-- @AfterMethod tearDown -->
  <testcase name="testHomePage" time="0.17" classname="testCases.VerifyHomePage"/>
  <testcase name="testLoginPage" time="8.92" classname="testCases.VerifyLoginPage"/>
  <testcase name="testLoginPage" time="7.529" classname="testCases.VerifyLoginPageWithReports1">
    <failure type="java.io.IOException" message="Destination &amp;apos;C:\Users\sandeep\Desktop\Sample_project\com.learn.framewrokcreation.etlhive\Screenshots&amp;apos; directory cannot be created">
      <![CDATA[java.io.IOException: Destination 'C:\Users\sandeep\Desktop\Sample_project\com.learn.framewrokcreation.etlhive\Screenshots' directory cannot be created
	at org.apache.commons.io.FileUtils.copyFile(FileUtils.java:1085)
	at org.apache.commons.io.FileUtils.copyFile(FileUtils.java:1038)
	at utility.Helper.captureScreenShot(Helper.java:23)
	at testCases.VerifyLoginPageWithReports1.testLoginPage(VerifyLoginPageWithReports1.java:66)
... Removed 24 stack frames]]>
    </failure>
  </testcase> <!-- testLoginPage -->
  <testcase name="testLoginPage" time="151.604" classname="testCases.VerifyLoginPageWithReports"/>
</testsuite> <!-- RegressionTest -->
